<?xml version="1.0" encoding="UTF-8"?>
<!-- Generated by org.testng.reporters.JUnitReportReporter -->
<testsuite hostname="VISHESH-KUMAR" failures="0" tests="3" name="testNG.DataProviders" time="5.337" errors="0" timestamp="2024-12-28T15:01:05 IST" skipped="0">
  <testcase classname="testNG.DataProviders" name="loginTest" time="1.284"/>
  <system-out/>
  <testcase classname="testNG.DataProviders" name="loginTest" time="2.772"/>
  <system-out/>
  <testcase classname="testNG.DataProviders" name="loginTest" time="1.281"/>
  <system-out/>
</testsuite> <!-- testNG.DataProviders -->
