<?xml version="1.0" encoding="UTF-8"?>
<!-- Generated by org.testng.reporters.JUnitReportReporter -->
<testsuite hostname="VISHESH-KUMAR" failures="0" tests="1" name="testNG.Assertions" time="0.020" errors="0" timestamp="2024-12-30T21:29:48 IST" skipped="0">
  <testcase classname="testNG.Assertions" name="test" time="0.020"/>
  <system-out/>
</testsuite> <!-- testNG.Assertions -->
