<?xml version="1.0" encoding="UTF-8"?>
<!-- Generated by org.testng.reporters.JUnitReportReporter -->
<testsuite hostname="VISHESH-KUMAR" failures="0" tests="1" name="testNG.BasicTestNG" time="0.015" errors="0" timestamp="2024-12-24T12:25:53 IST" skipped="0">
  <testcase classname="testNG.BasicTestNG" name="Case1" time="0.015"/>
  <system-out/>
</testsuite> <!-- testNG.BasicTestNG -->
